[    1679ms] [WARNING] An iframe which has both allow-scripts and allow-same-origin for its sandbox attribute can escape its sandboxing. @ http://localhost:3000/builder:0
[    2842ms] [WARNING] [Translation] Missing window title: "ui.windows.brain.title" @ https://eu-assets.i.posthog.com/static/posthog-recorder.js?v=1.285.1:0
[    2844ms] [WARNING] [Translation] Loaded 0 window keys: [] @ https://eu-assets.i.posthog.com/static/posthog-recorder.js?v=1.285.1:0
[    2848ms] [WARNING] [Translation] Missing window title: "ui.windows.brain.title" @ https://eu-assets.i.posthog.com/static/posthog-recorder.js?v=1.285.1:0
[    2848ms] [WARNING] [Translation] Loaded 0 window keys: [] @ https://eu-assets.i.posthog.com/static/posthog-recorder.js?v=1.285.1:0
[   12943ms] [WARNING] [Translation] Missing window title: "ui.windows.brain.title" @ https://eu-assets.i.posthog.com/static/posthog-recorder.js?v=1.285.1:0
[   12943ms] [WARNING] [Translation] Loaded 0 window keys: [] @ https://eu-assets.i.posthog.com/static/posthog-recorder.js?v=1.285.1:0
[   12950ms] [WARNING] [Translation] Missing window title: "ui.windows.brain.title" @ https://eu-assets.i.posthog.com/static/posthog-recorder.js?v=1.285.1:0
[   12950ms] [WARNING] [Translation] Loaded 0 window keys: [] @ https://eu-assets.i.posthog.com/static/posthog-recorder.js?v=1.285.1:0
[   20407ms] [WARNING] [Translation] Missing window title: "ui.windows.brain.title" @ https://eu-assets.i.posthog.com/static/posthog-recorder.js?v=1.285.1:0
[   20407ms] [WARNING] [Translation] Loaded 0 window keys: [] @ https://eu-assets.i.posthog.com/static/posthog-recorder.js?v=1.285.1:0
[   20413ms] [WARNING] [Translation] Missing window title: "ui.windows.brain.title" @ https://eu-assets.i.posthog.com/static/posthog-recorder.js?v=1.285.1:0
[   20414ms] [WARNING] [Translation] Loaded 0 window keys: [] @ https://eu-assets.i.posthog.com/static/posthog-recorder.js?v=1.285.1:0
[   25988ms] [WARNING] [Translation] Missing window title: "ui.windows.brain.title" @ https://eu-assets.i.posthog.com/static/posthog-recorder.js?v=1.285.1:0
[   25988ms] [WARNING] [Translation] Loaded 0 window keys: [] @ https://eu-assets.i.posthog.com/static/posthog-recorder.js?v=1.285.1:0
[   25994ms] [WARNING] [Translation] Missing window title: "ui.windows.brain.title" @ https://eu-assets.i.posthog.com/static/posthog-recorder.js?v=1.285.1:0
[   25994ms] [WARNING] [Translation] Loaded 0 window keys: [] @ https://eu-assets.i.posthog.com/static/posthog-recorder.js?v=1.285.1:0
[  100997ms] [WARNING] [.WebGL-0x13400447e00]GL Driver Message (OpenGL, Performance, GL_CLOSE_PATH_NV, High): GPU stall due to ReadPixels @ https://accounts.google.com/v3/signin/identifier?opparams=%253F&dsh=S-1188271279%3A1770290386594604&client_id=19450024372-6pavh8e8mdjvhfq9bk6hrv8gmus8csk2.apps.googleusercontent.com&o2v=2&redirect_uri=http%3A%2F%2Flocalhost%3A3000%2Fapi%2Fauth%2Foauth%2Fcallback&response_type=code&scope=openid+profile+email&service=lso&state=202cf5ff-e0cd-413a-8a9e-6fcd08eb6dd8&flowName=GeneralOAuthFlow&continue=https%3A%2F%2Faccounts.google.com%2Fsignin%2Foauth%2Fconsent%3Fauthuser%3Dunknown%26part%3DAJi8hAPR3JDY1Mm9Cyb2-MwC0ci3v44RUpEcmcLwevhrwEZGs5VirCG4KeF6hZbNL0gPr490wBfDVxKvIyyFAfMQzBcvbqDK5XOKOrqzw9-LrSxZd7WPp4kvAztHHEuFizETnkVf-shcsIamMJUjPQrAMNj9oWdD4c1zb2LbIPDZ8tdA641Xo-6plfC8RSJgFstYmI3PGAgkCZzdpsvAceVuYLAhYdGfu91J-NZGFKDgGKgbu22MxYANoV-aakSbXEWf9hz7Gpjy3gj51G2OYKhZWaQI3Cjqf_EBSSQMMrM2nHWK9oKtsgdOdjuYTUSATdUCDcSX43nZGdzLAMmSK-tFIOTCOWkDzF9QJcSpQAOrAK40ajRlSdIOrT67R1e4hI61gTpBUILdmwQFjO870F5zm4V97SKnp47abejCKSZLy2cRXC1fXjdLz8uGfweIDFc9LeWo-UGTY9Bz-LYzVOlYrU7a550pBw%26flowName%3DGeneralOAuthFlow%26as%3DS-1188271279%253A1770290386594604%26client_id%3D19450024372-6pavh8e8mdjvhfq9bk6hrv8gmus8csk2.apps.googleusercontent.com%26requestPath%3D%252Fsignin%252Foauth%252Fconsent%23&app_domain=http%3A%2F%2Flocalhost%3A3000&rart=ANgoxcc_8HDhjflFdjtVGmzaqQhC3BZhxbpimEJFm0jUjb1DDS30OnZrwXvMo2oADcYgaEEvSPz-iyOpDObKRzglufWdnHS0RtSv4iAi_oA6yS6r3seWz_I:0
[  108583ms] [WARNING] [.WebGL-0x13400447e00]GL Driver Message (OpenGL, Performance, GL_CLOSE_PATH_NV, High): GPU stall due to ReadPixels @ https://accounts.google.com/v3/signin/identifier?opparams=%253F&dsh=S-1188271279%3A1770290386594604&client_id=19450024372-6pavh8e8mdjvhfq9bk6hrv8gmus8csk2.apps.googleusercontent.com&o2v=2&redirect_uri=http%3A%2F%2Flocalhost%3A3000%2Fapi%2Fauth%2Foauth%2Fcallback&response_type=code&scope=openid+profile+email&service=lso&state=202cf5ff-e0cd-413a-8a9e-6fcd08eb6dd8&flowName=GeneralOAuthFlow&continue=https%3A%2F%2Faccounts.google.com%2Fsignin%2Foauth%2Fconsent%3Fauthuser%3Dunknown%26part%3DAJi8hAPR3JDY1Mm9Cyb2-MwC0ci3v44RUpEcmcLwevhrwEZGs5VirCG4KeF6hZbNL0gPr490wBfDVxKvIyyFAfMQzBcvbqDK5XOKOrqzw9-LrSxZd7WPp4kvAztHHEuFizETnkVf-shcsIamMJUjPQrAMNj9oWdD4c1zb2LbIPDZ8tdA641Xo-6plfC8RSJgFstYmI3PGAgkCZzdpsvAceVuYLAhYdGfu91J-NZGFKDgGKgbu22MxYANoV-aakSbXEWf9hz7Gpjy3gj51G2OYKhZWaQI3Cjqf_EBSSQMMrM2nHWK9oKtsgdOdjuYTUSATdUCDcSX43nZGdzLAMmSK-tFIOTCOWkDzF9QJcSpQAOrAK40ajRlSdIOrT67R1e4hI61gTpBUILdmwQFjO870F5zm4V97SKnp47abejCKSZLy2cRXC1fXjdLz8uGfweIDFc9LeWo-UGTY9Bz-LYzVOlYrU7a550pBw%26flowName%3DGeneralOAuthFlow%26as%3DS-1188271279%253A1770290386594604%26client_id%3D19450024372-6pavh8e8mdjvhfq9bk6hrv8gmus8csk2.apps.googleusercontent.com%26requestPath%3D%252Fsignin%252Foauth%252Fconsent%23&app_domain=http%3A%2F%2Flocalhost%3A3000&rart=ANgoxcc_8HDhjflFdjtVGmzaqQhC3BZhxbpimEJFm0jUjb1DDS30OnZrwXvMo2oADcYgaEEvSPz-iyOpDObKRzglufWdnHS0RtSv4iAi_oA6yS6r3seWz_I:0
[  115364ms] [WARNING] An iframe which has both allow-scripts and allow-same-origin for its sandbox attribute can escape its sandboxing. @ http://localhost:3000/builder:0
[  115614ms] [WARNING] [Translation] Missing window title: "ui.windows.brain.title" @ https://eu-assets.i.posthog.com/static/posthog-recorder.js?v=1.285.1:0
[  115614ms] [WARNING] [Translation] Loaded 0 window keys: [] @ https://eu-assets.i.posthog.com/static/posthog-recorder.js?v=1.285.1:0
[  115615ms] [WARNING] [Translation] Missing window title: "ui.windows.brain.title" @ https://eu-assets.i.posthog.com/static/posthog-recorder.js?v=1.285.1:0
[  115615ms] [WARNING] [Translation] Loaded 0 window keys: [] @ https://eu-assets.i.posthog.com/static/posthog-recorder.js?v=1.285.1:0
[  115615ms] [WARNING] [Translation] Missing window title: "ui.windows.brain.title" @ https://eu-assets.i.posthog.com/static/posthog-recorder.js?v=1.285.1:0
[  115615ms] [WARNING] [Translation] Loaded 0 window keys: [] @ https://eu-assets.i.posthog.com/static/posthog-recorder.js?v=1.285.1:0
[  115616ms] [WARNING] [Translation] Missing window title: "ui.windows.brain.title" @ https://eu-assets.i.posthog.com/static/posthog-recorder.js?v=1.285.1:0
[  115616ms] [WARNING] [Translation] Loaded 0 window keys: [] @ https://eu-assets.i.posthog.com/static/posthog-recorder.js?v=1.285.1:0
[  115616ms] [WARNING] [Translation] Missing window title: "ui.windows.brain.title" @ https://eu-assets.i.posthog.com/static/posthog-recorder.js?v=1.285.1:0
[  115616ms] [WARNING] [Translation] Loaded 0 window keys: [] @ https://eu-assets.i.posthog.com/static/posthog-recorder.js?v=1.285.1:0
[  115727ms] [WARNING] [Translation] Missing window title: "ui.windows.brain.title" @ https://eu-assets.i.posthog.com/static/posthog-recorder.js?v=1.285.1:0
[  115728ms] [WARNING] [Translation] Loaded 0 window keys: [] @ https://eu-assets.i.posthog.com/static/posthog-recorder.js?v=1.285.1:0
[  115734ms] [WARNING] [Translation] Missing window title: "ui.windows.brain.title" @ https://eu-assets.i.posthog.com/static/posthog-recorder.js?v=1.285.1:0
[  115734ms] [WARNING] [Translation] Loaded 0 window keys: [] @ https://eu-assets.i.posthog.com/static/posthog-recorder.js?v=1.285.1:0
[  115743ms] [WARNING] [Translation] Missing window title: "ui.windows.brain.title" @ https://eu-assets.i.posthog.com/static/posthog-recorder.js?v=1.285.1:0
[  115743ms] [WARNING] [Translation] Loaded 0 window keys: [] @ https://eu-assets.i.posthog.com/static/posthog-recorder.js?v=1.285.1:0
[  115744ms] [WARNING] [Translation] Missing window title: "ui.windows.brain.title" @ https://eu-assets.i.posthog.com/static/posthog-recorder.js?v=1.285.1:0
[  115744ms] [WARNING] [Translation] Loaded 0 window keys: [] @ https://eu-assets.i.posthog.com/static/posthog-recorder.js?v=1.285.1:0
