[     964ms] [WARNING] An iframe which has both allow-scripts and allow-same-origin for its sandbox attribute can escape its sandboxing. @ http://localhost:3000/builder:0
[    1114ms] [WARNING] [Translation] Missing window title: "ui.windows.brain.title" @ https://eu-assets.i.posthog.com/static/posthog-recorder.js?v=1.285.1:0
[    1115ms] [WARNING] [Translation] Loaded 0 window keys: [] @ https://eu-assets.i.posthog.com/static/posthog-recorder.js?v=1.285.1:0
[    1117ms] [WARNING] [Translation] Missing window title: "ui.windows.brain.title" @ https://eu-assets.i.posthog.com/static/posthog-recorder.js?v=1.285.1:0
[    1117ms] [WARNING] [Translation] Loaded 0 window keys: [] @ https://eu-assets.i.posthog.com/static/posthog-recorder.js?v=1.285.1:0
[    1117ms] [WARNING] [Translation] Missing window title: "ui.windows.brain.title" @ https://eu-assets.i.posthog.com/static/posthog-recorder.js?v=1.285.1:0
[    1117ms] [WARNING] [Translation] Loaded 0 window keys: [] @ https://eu-assets.i.posthog.com/static/posthog-recorder.js?v=1.285.1:0
[    1117ms] [WARNING] [Translation] Missing window title: "ui.windows.brain.title" @ https://eu-assets.i.posthog.com/static/posthog-recorder.js?v=1.285.1:0
[    1117ms] [WARNING] [Translation] Loaded 0 window keys: [] @ https://eu-assets.i.posthog.com/static/posthog-recorder.js?v=1.285.1:0
[    1118ms] [WARNING] [Translation] Missing window title: "ui.windows.brain.title" @ https://eu-assets.i.posthog.com/static/posthog-recorder.js?v=1.285.1:0
[    1119ms] [WARNING] [Translation] Loaded 0 window keys: [] @ https://eu-assets.i.posthog.com/static/posthog-recorder.js?v=1.285.1:0
[    1123ms] [WARNING] [Translation] Missing window title: "ui.windows.brain.title" @ https://eu-assets.i.posthog.com/static/posthog-recorder.js?v=1.285.1:0
[    1123ms] [WARNING] [Translation] Loaded 0 window keys: [] @ https://eu-assets.i.posthog.com/static/posthog-recorder.js?v=1.285.1:0
[    1125ms] [WARNING] [Translation] Missing window title: "ui.windows.brain.title" @ https://eu-assets.i.posthog.com/static/posthog-recorder.js?v=1.285.1:0
[    1125ms] [WARNING] [Translation] Loaded 6 window keys: [ui.windows.benefits.title, ui.windows.booking.title, ui.windows.finder.title, ui.windows.integrations.title, ui.windows.onboarding_welcome.title, ui.windows.web_publishing.title] @ https://eu-assets.i.posthog.com/static/posthog-recorder.js?v=1.285.1:0
[    1126ms] [WARNING] [Translation] Missing window title: "ui.windows.brain.title" @ https://eu-assets.i.posthog.com/static/posthog-recorder.js?v=1.285.1:0
[    1126ms] [WARNING] [Translation] Loaded 6 window keys: [ui.windows.benefits.title, ui.windows.booking.title, ui.windows.finder.title, ui.windows.integrations.title, ui.windows.onboarding_welcome.title, ui.windows.web_publishing.title] @ https://eu-assets.i.posthog.com/static/posthog-recorder.js?v=1.285.1:0
[    1192ms] [WARNING] [Translation] Missing window title: "ui.windows.brain.title" @ https://eu-assets.i.posthog.com/static/posthog-recorder.js?v=1.285.1:0
[    1192ms] [WARNING] [Translation] Loaded 0 window keys: [] @ https://eu-assets.i.posthog.com/static/posthog-recorder.js?v=1.285.1:0
[    1192ms] [WARNING] [Translation] Missing window title: "ui.windows.brain.title" @ https://eu-assets.i.posthog.com/static/posthog-recorder.js?v=1.285.1:0
[    1192ms] [WARNING] [Translation] Loaded 0 window keys: [] @ https://eu-assets.i.posthog.com/static/posthog-recorder.js?v=1.285.1:0
[    1193ms] [WARNING] [Translation] Missing window title: "ui.windows.brain.title" @ https://eu-assets.i.posthog.com/static/posthog-recorder.js?v=1.285.1:0
[    1193ms] [WARNING] [Translation] Loaded 0 window keys: [] @ https://eu-assets.i.posthog.com/static/posthog-recorder.js?v=1.285.1:0
[    1193ms] [WARNING] [Translation] Missing window title: "ui.windows.brain.title" @ https://eu-assets.i.posthog.com/static/posthog-recorder.js?v=1.285.1:0
[    1193ms] [WARNING] [Translation] Loaded 0 window keys: [] @ https://eu-assets.i.posthog.com/static/posthog-recorder.js?v=1.285.1:0
[    1193ms] [WARNING] [Translation] Missing window title: "ui.windows.brain.title" @ https://eu-assets.i.posthog.com/static/posthog-recorder.js?v=1.285.1:0
[    1194ms] [WARNING] [Translation] Loaded 6 window keys: [ui.windows.benefits.title, ui.windows.booking.title, ui.windows.finder.title, ui.windows.integrations.title, ui.windows.onboarding_welcome.title, ui.windows.web_publishing.title] @ https://eu-assets.i.posthog.com/static/posthog-recorder.js?v=1.285.1:0
[    1194ms] [WARNING] [Translation] Missing window title: "ui.windows.brain.title" @ https://eu-assets.i.posthog.com/static/posthog-recorder.js?v=1.285.1:0
[    1194ms] [WARNING] [Translation] Loaded 6 window keys: [ui.windows.benefits.title, ui.windows.booking.title, ui.windows.finder.title, ui.windows.integrations.title, ui.windows.onboarding_welcome.title, ui.windows.web_publishing.title] @ https://eu-assets.i.posthog.com/static/posthog-recorder.js?v=1.285.1:0
[    1295ms] [WARNING] [Translation] Missing window title: "ui.windows.brain.title" @ https://eu-assets.i.posthog.com/static/posthog-recorder.js?v=1.285.1:0
[    1295ms] [WARNING] [Translation] Loaded 0 window keys: [] @ https://eu-assets.i.posthog.com/static/posthog-recorder.js?v=1.285.1:0
[    1295ms] [WARNING] [Translation] Missing window title: "ui.windows.brain.title" @ https://eu-assets.i.posthog.com/static/posthog-recorder.js?v=1.285.1:0
[    1296ms] [WARNING] [Translation] Loaded 0 window keys: [] @ https://eu-assets.i.posthog.com/static/posthog-recorder.js?v=1.285.1:0
[    1296ms] [WARNING] [Translation] Missing window title: "ui.windows.brain.title" @ https://eu-assets.i.posthog.com/static/posthog-recorder.js?v=1.285.1:0
[    1297ms] [WARNING] [Translation] Loaded 0 window keys: [] @ https://eu-assets.i.posthog.com/static/posthog-recorder.js?v=1.285.1:0
[    1297ms] [WARNING] [Translation] Missing window title: "ui.windows.brain.title" @ https://eu-assets.i.posthog.com/static/posthog-recorder.js?v=1.285.1:0
[    1298ms] [WARNING] [Translation] Loaded 0 window keys: [] @ https://eu-assets.i.posthog.com/static/posthog-recorder.js?v=1.285.1:0
[    1298ms] [WARNING] [Translation] Missing window title: "ui.windows.brain.title" @ https://eu-assets.i.posthog.com/static/posthog-recorder.js?v=1.285.1:0
[    1298ms] [WARNING] [Translation] Loaded 6 window keys: [ui.windows.benefits.title, ui.windows.booking.title, ui.windows.finder.title, ui.windows.integrations.title, ui.windows.onboarding_welcome.title, ui.windows.web_publishing.title] @ https://eu-assets.i.posthog.com/static/posthog-recorder.js?v=1.285.1:0
[    1298ms] [WARNING] [Translation] Missing window title: "ui.windows.brain.title" @ https://eu-assets.i.posthog.com/static/posthog-recorder.js?v=1.285.1:0
[    1299ms] [WARNING] [Translation] Loaded 6 window keys: [ui.windows.benefits.title, ui.windows.booking.title, ui.windows.finder.title, ui.windows.integrations.title, ui.windows.onboarding_welcome.title, ui.windows.web_publishing.title] @ https://eu-assets.i.posthog.com/static/posthog-recorder.js?v=1.285.1:0
[   33130ms] [WARNING] [Translation] Missing window title: "ui.windows.brain.title" @ https://eu-assets.i.posthog.com/static/posthog-recorder.js?v=1.285.1:0
[   33130ms] [WARNING] [Translation] Loaded 0 window keys: [] @ https://eu-assets.i.posthog.com/static/posthog-recorder.js?v=1.285.1:0
[   33130ms] [WARNING] [Translation] Missing window title: "ui.windows.brain.title" @ https://eu-assets.i.posthog.com/static/posthog-recorder.js?v=1.285.1:0
[   33131ms] [WARNING] [Translation] Loaded 0 window keys: [] @ https://eu-assets.i.posthog.com/static/posthog-recorder.js?v=1.285.1:0
[   33131ms] [WARNING] [Translation] Missing window title: "ui.windows.brain.title" @ https://eu-assets.i.posthog.com/static/posthog-recorder.js?v=1.285.1:0
[   33132ms] [WARNING] [Translation] Loaded 0 window keys: [] @ https://eu-assets.i.posthog.com/static/posthog-recorder.js?v=1.285.1:0
[   33132ms] [WARNING] [Translation] Missing window title: "ui.windows.brain.title" @ https://eu-assets.i.posthog.com/static/posthog-recorder.js?v=1.285.1:0
[   33132ms] [WARNING] [Translation] Loaded 0 window keys: [] @ https://eu-assets.i.posthog.com/static/posthog-recorder.js?v=1.285.1:0
[   33135ms] [WARNING] [Translation] Missing window title: "ui.windows.brain.title" @ https://eu-assets.i.posthog.com/static/posthog-recorder.js?v=1.285.1:0
[   33135ms] [WARNING] [Translation] Loaded 6 window keys: [ui.windows.benefits.title, ui.windows.booking.title, ui.windows.finder.title, ui.windows.integrations.title, ui.windows.onboarding_welcome.title, ui.windows.web_publishing.title] @ https://eu-assets.i.posthog.com/static/posthog-recorder.js?v=1.285.1:0
[   33135ms] [WARNING] [Translation] Missing window title: "ui.windows.brain.title" @ https://eu-assets.i.posthog.com/static/posthog-recorder.js?v=1.285.1:0
[   33135ms] [WARNING] [Translation] Loaded 6 window keys: [ui.windows.benefits.title, ui.windows.booking.title, ui.windows.finder.title, ui.windows.integrations.title, ui.windows.onboarding_welcome.title, ui.windows.web_publishing.title] @ https://eu-assets.i.posthog.com/static/posthog-recorder.js?v=1.285.1:0
[  105184ms] [WARNING] [Translation] Missing window title: "ui.windows.brain.title" @ https://eu-assets.i.posthog.com/static/posthog-recorder.js?v=1.285.1:0
[  105185ms] [WARNING] [Translation] Loaded 32 window keys: [ui.windows.about.title, ui.windows.ai_assistant.title, ui.windows.all_apps.title, ui.windows.benefits.title, ui.windows.booking.title, ui.windows.cart.title, ui.windows.certificates.title, ui.windows.checkout.title, ui.windows.compliance.title, ui.windows.control_panel.title, ui.windows.crm.title, ui.windows.events.title, ui.windows.finder.title, ui.windows.forms.title, ui.windows.integrations.title] @ https://eu-assets.i.posthog.com/static/posthog-recorder.js?v=1.285.1:0
[  105185ms] [WARNING] [Translation] Missing window title: "ui.windows.brain.title" @ https://eu-assets.i.posthog.com/static/posthog-recorder.js?v=1.285.1:0
[  105185ms] [WARNING] [Translation] Loaded 32 window keys: [ui.windows.about.title, ui.windows.ai_assistant.title, ui.windows.all_apps.title, ui.windows.benefits.title, ui.windows.booking.title, ui.windows.cart.title, ui.windows.certificates.title, ui.windows.checkout.title, ui.windows.compliance.title, ui.windows.control_panel.title, ui.windows.crm.title, ui.windows.events.title, ui.windows.finder.title, ui.windows.forms.title, ui.windows.integrations.title] @ https://eu-assets.i.posthog.com/static/posthog-recorder.js?v=1.285.1:0
